[debug] [2026-01-08T00:58:26.245Z] Checked if tokens are valid: true, expires at: 1767837502645
[debug] [2026-01-08T00:58:26.247Z] Checked if tokens are valid: true, expires at: 1767837502645
[debug] [2026-01-08T00:58:26.247Z] Checked if tokens are valid: true, expires at: 1767837502645
[debug] [2026-01-08T00:58:26.247Z] Checked if tokens are valid: true, expires at: 1767837502645
[debug] [2026-01-08T00:58:26.248Z] Checked if tokens are valid: true, expires at: 1767837502645
[debug] [2026-01-08T00:58:26.248Z] Checked if tokens are valid: true, expires at: 1767837502645
[debug] [2026-01-08T00:58:26.248Z] Checked if tokens are valid: true, expires at: 1767837502645
[debug] [2026-01-08T00:58:26.248Z] Checked if tokens are valid: true, expires at: 1767837502645
[debug] [2026-01-08T00:58:26.248Z] >>> [apiv2][query] GET https://serviceusage.googleapis.com/v1/projects/studio-4201110480-73d65/services/ [none]
[debug] [2026-01-08T00:58:26.249Z] >>> [apiv2][(partial)header] GET https://serviceusage.googleapis.com/v1/projects/studio-4201110480-73d65/services/ x-goog-quota-user=projects/studio-4201110480-73d65
[debug] [2026-01-08T00:58:26.259Z] >>> [apiv2][query] GET https://serviceusage.googleapis.com/v1/projects/studio-4201110480-73d65/services/firebasedataconnect.googleapis.com [none]
[debug] [2026-01-08T00:58:26.259Z] >>> [apiv2][(partial)header] GET https://serviceusage.googleapis.com/v1/projects/studio-4201110480-73d65/services/firebasedataconnect.googleapis.com x-goog-quota-user=projects/studio-4201110480-73d65
[debug] [2026-01-08T00:58:26.260Z] >>> [apiv2][query] GET https://serviceusage.googleapis.com/v1/projects/studio-4201110480-73d65/services/firebasecrashlytics.googleapis.com [none]
[debug] [2026-01-08T00:58:26.260Z] >>> [apiv2][(partial)header] GET https://serviceusage.googleapis.com/v1/projects/studio-4201110480-73d65/services/firebasecrashlytics.googleapis.com x-goog-quota-user=projects/studio-4201110480-73d65
[debug] [2026-01-08T00:58:26.260Z] >>> [apiv2][query] GET https://serviceusage.googleapis.com/v1/projects/studio-4201110480-73d65/services/firebaseio.com [none]
[debug] [2026-01-08T00:58:26.260Z] >>> [apiv2][(partial)header] GET https://serviceusage.googleapis.com/v1/projects/studio-4201110480-73d65/services/firebaseio.com x-goog-quota-user=projects/studio-4201110480-73d65
[debug] [2026-01-08T00:58:26.271Z] Checked if tokens are valid: true, expires at: 1767837502645
[debug] [2026-01-08T00:58:26.271Z] Checked if tokens are valid: true, expires at: 1767837502645
[debug] [2026-01-08T00:58:26.271Z] Checked if tokens are valid: true, expires at: 1767837502645
[debug] [2026-01-08T00:58:26.271Z] Checked if tokens are valid: true, expires at: 1767837502645
[debug] [2026-01-08T00:58:26.271Z] Checked if tokens are valid: true, expires at: 1767837502645
[debug] [2026-01-08T00:58:26.271Z] Checked if tokens are valid: true, expires at: 1767837502645
[debug] [2026-01-08T00:58:26.271Z] Checked if tokens are valid: true, expires at: 1767837502645
[debug] [2026-01-08T00:58:26.271Z] Checked if tokens are valid: true, expires at: 1767837502645
[debug] [2026-01-08T00:58:26.271Z] >>> [apiv2][query] GET https://serviceusage.googleapis.com/v1/projects/studio-4201110480-73d65/services/ [none]
[debug] [2026-01-08T00:58:26.271Z] >>> [apiv2][(partial)header] GET https://serviceusage.googleapis.com/v1/projects/studio-4201110480-73d65/services/ x-goog-quota-user=projects/studio-4201110480-73d65
[debug] [2026-01-08T00:58:26.272Z] >>> [apiv2][query] GET https://serviceusage.googleapis.com/v1/projects/studio-4201110480-73d65/services/firebasedataconnect.googleapis.com [none]
[debug] [2026-01-08T00:58:26.272Z] >>> [apiv2][(partial)header] GET https://serviceusage.googleapis.com/v1/projects/studio-4201110480-73d65/services/firebasedataconnect.googleapis.com x-goog-quota-user=projects/studio-4201110480-73d65
[debug] [2026-01-08T00:58:26.273Z] >>> [apiv2][query] GET https://serviceusage.googleapis.com/v1/projects/studio-4201110480-73d65/services/firebasecrashlytics.googleapis.com [none]
[debug] [2026-01-08T00:58:26.273Z] >>> [apiv2][(partial)header] GET https://serviceusage.googleapis.com/v1/projects/studio-4201110480-73d65/services/firebasecrashlytics.googleapis.com x-goog-quota-user=projects/studio-4201110480-73d65
[debug] [2026-01-08T00:58:26.273Z] >>> [apiv2][query] GET https://serviceusage.googleapis.com/v1/projects/studio-4201110480-73d65/services/firebaseio.com [none]
[debug] [2026-01-08T00:58:26.274Z] >>> [apiv2][(partial)header] GET https://serviceusage.googleapis.com/v1/projects/studio-4201110480-73d65/services/firebaseio.com x-goog-quota-user=projects/studio-4201110480-73d65
[debug] [2026-01-08T00:58:26.487Z] <<< [apiv2][status] GET https://serviceusage.googleapis.com/v1/projects/studio-4201110480-73d65/services/firebaseio.com 403
[debug] [2026-01-08T00:58:26.487Z] <<< [apiv2][body] GET https://serviceusage.googleapis.com/v1/projects/studio-4201110480-73d65/services/firebaseio.com [omitted]
[debug] [2026-01-08T00:58:26.519Z] <<< [apiv2][status] GET https://serviceusage.googleapis.com/v1/projects/studio-4201110480-73d65/services/firebasecrashlytics.googleapis.com 200
[debug] [2026-01-08T00:58:26.519Z] <<< [apiv2][body] GET https://serviceusage.googleapis.com/v1/projects/studio-4201110480-73d65/services/firebasecrashlytics.googleapis.com [omitted]
[debug] [2026-01-08T00:58:26.521Z] <<< [apiv2][status] GET https://serviceusage.googleapis.com/v1/projects/studio-4201110480-73d65/services/firebasedataconnect.googleapis.com 200
[debug] [2026-01-08T00:58:26.521Z] <<< [apiv2][body] GET https://serviceusage.googleapis.com/v1/projects/studio-4201110480-73d65/services/firebasedataconnect.googleapis.com [omitted]
[debug] [2026-01-08T00:58:26.521Z] <<< [apiv2][status] GET https://serviceusage.googleapis.com/v1/projects/studio-4201110480-73d65/services/firebasedataconnect.googleapis.com 200
[debug] [2026-01-08T00:58:26.521Z] <<< [apiv2][body] GET https://serviceusage.googleapis.com/v1/projects/studio-4201110480-73d65/services/firebasedataconnect.googleapis.com [omitted]
[debug] [2026-01-08T00:58:26.524Z] <<< [apiv2][status] GET https://serviceusage.googleapis.com/v1/projects/studio-4201110480-73d65/services/firebaseio.com 403
[debug] [2026-01-08T00:58:26.524Z] <<< [apiv2][body] GET https://serviceusage.googleapis.com/v1/projects/studio-4201110480-73d65/services/firebaseio.com [omitted]
[debug] [2026-01-08T00:58:26.525Z] <<< [apiv2][status] GET https://serviceusage.googleapis.com/v1/projects/studio-4201110480-73d65/services/firebasecrashlytics.googleapis.com 200
[debug] [2026-01-08T00:58:26.525Z] <<< [apiv2][body] GET https://serviceusage.googleapis.com/v1/projects/studio-4201110480-73d65/services/firebasecrashlytics.googleapis.com [omitted]
[debug] [2026-01-08T00:58:26.930Z] <<< [apiv2][status] GET https://serviceusage.googleapis.com/v1/projects/studio-4201110480-73d65/services/ 200
[debug] [2026-01-08T00:58:26.930Z] <<< [apiv2][body] GET https://serviceusage.googleapis.com/v1/projects/studio-4201110480-73d65/services/ [omitted]
[debug] [2026-01-08T00:58:26.931Z] <<< [apiv2][status] GET https://serviceusage.googleapis.com/v1/projects/studio-4201110480-73d65/services/ 200
[debug] [2026-01-08T00:58:26.931Z] <<< [apiv2][body] GET https://serviceusage.googleapis.com/v1/projects/studio-4201110480-73d65/services/ [omitted]
[debug] [2026-01-08T00:58:26.932Z] > command requires scopes: ["email","openid","https://www.googleapis.com/auth/cloudplatformprojects.readonly","https://www.googleapis.com/auth/firebase","https://www.googleapis.com/auth/cloud-platform"]
[debug] [2026-01-08T00:58:26.932Z] > authorizing via signed-in user (malcolmbastien@gmail.com)
[debug] [2026-01-08T20:12:26.930Z] Checked if tokens are valid: true, expires at: 1767906743548
[debug] [2026-01-08T20:12:26.931Z] Checked if tokens are valid: true, expires at: 1767906743548
[debug] [2026-01-08T20:12:26.931Z] Checked if tokens are valid: true, expires at: 1767906743548
[debug] [2026-01-08T20:12:26.932Z] Checked if tokens are valid: true, expires at: 1767906743548
[debug] [2026-01-08T20:12:26.932Z] Checked if tokens are valid: true, expires at: 1767906743548
[debug] [2026-01-08T20:12:26.932Z] Checked if tokens are valid: true, expires at: 1767906743548
[debug] [2026-01-08T20:12:26.932Z] Checked if tokens are valid: true, expires at: 1767906743548
[debug] [2026-01-08T20:12:26.932Z] Checked if tokens are valid: true, expires at: 1767906743548
[debug] [2026-01-08T20:12:26.933Z] >>> [apiv2][query] GET https://serviceusage.googleapis.com/v1/projects/studio-4201110480-73d65/services/ [none]
[debug] [2026-01-08T20:12:26.933Z] >>> [apiv2][(partial)header] GET https://serviceusage.googleapis.com/v1/projects/studio-4201110480-73d65/services/ x-goog-quota-user=projects/studio-4201110480-73d65
[debug] [2026-01-08T20:12:26.942Z] >>> [apiv2][query] GET https://serviceusage.googleapis.com/v1/projects/studio-4201110480-73d65/services/firebasedataconnect.googleapis.com [none]
[debug] [2026-01-08T20:12:26.942Z] >>> [apiv2][(partial)header] GET https://serviceusage.googleapis.com/v1/projects/studio-4201110480-73d65/services/firebasedataconnect.googleapis.com x-goog-quota-user=projects/studio-4201110480-73d65
[debug] [2026-01-08T20:12:26.943Z] >>> [apiv2][query] GET https://serviceusage.googleapis.com/v1/projects/studio-4201110480-73d65/services/firebasecrashlytics.googleapis.com [none]
[debug] [2026-01-08T20:12:26.943Z] >>> [apiv2][(partial)header] GET https://serviceusage.googleapis.com/v1/projects/studio-4201110480-73d65/services/firebasecrashlytics.googleapis.com x-goog-quota-user=projects/studio-4201110480-73d65
[debug] [2026-01-08T20:12:26.943Z] >>> [apiv2][query] GET https://serviceusage.googleapis.com/v1/projects/studio-4201110480-73d65/services/firebaseio.com [none]
[debug] [2026-01-08T20:12:26.943Z] >>> [apiv2][(partial)header] GET https://serviceusage.googleapis.com/v1/projects/studio-4201110480-73d65/services/firebaseio.com x-goog-quota-user=projects/studio-4201110480-73d65
[debug] [2026-01-08T20:12:26.957Z] Checked if tokens are valid: true, expires at: 1767906743548
[debug] [2026-01-08T20:12:26.957Z] Checked if tokens are valid: true, expires at: 1767906743548
[debug] [2026-01-08T20:12:26.957Z] Checked if tokens are valid: true, expires at: 1767906743548
[debug] [2026-01-08T20:12:26.958Z] Checked if tokens are valid: true, expires at: 1767906743548
[debug] [2026-01-08T20:12:26.958Z] Checked if tokens are valid: true, expires at: 1767906743548
[debug] [2026-01-08T20:12:26.958Z] Checked if tokens are valid: true, expires at: 1767906743548
[debug] [2026-01-08T20:12:26.958Z] Checked if tokens are valid: true, expires at: 1767906743548
[debug] [2026-01-08T20:12:26.958Z] Checked if tokens are valid: true, expires at: 1767906743548
[debug] [2026-01-08T20:12:26.958Z] >>> [apiv2][query] GET https://serviceusage.googleapis.com/v1/projects/studio-4201110480-73d65/services/ [none]
[debug] [2026-01-08T20:12:26.958Z] >>> [apiv2][(partial)header] GET https://serviceusage.googleapis.com/v1/projects/studio-4201110480-73d65/services/ x-goog-quota-user=projects/studio-4201110480-73d65
[debug] [2026-01-08T20:12:26.959Z] >>> [apiv2][query] GET https://serviceusage.googleapis.com/v1/projects/studio-4201110480-73d65/services/firebasedataconnect.googleapis.com [none]
[debug] [2026-01-08T20:12:26.959Z] >>> [apiv2][(partial)header] GET https://serviceusage.googleapis.com/v1/projects/studio-4201110480-73d65/services/firebasedataconnect.googleapis.com x-goog-quota-user=projects/studio-4201110480-73d65
[debug] [2026-01-08T20:12:26.959Z] >>> [apiv2][query] GET https://serviceusage.googleapis.com/v1/projects/studio-4201110480-73d65/services/firebasecrashlytics.googleapis.com [none]
[debug] [2026-01-08T20:12:26.959Z] >>> [apiv2][(partial)header] GET https://serviceusage.googleapis.com/v1/projects/studio-4201110480-73d65/services/firebasecrashlytics.googleapis.com x-goog-quota-user=projects/studio-4201110480-73d65
[debug] [2026-01-08T20:12:26.960Z] >>> [apiv2][query] GET https://serviceusage.googleapis.com/v1/projects/studio-4201110480-73d65/services/firebaseio.com [none]
[debug] [2026-01-08T20:12:26.960Z] >>> [apiv2][(partial)header] GET https://serviceusage.googleapis.com/v1/projects/studio-4201110480-73d65/services/firebaseio.com x-goog-quota-user=projects/studio-4201110480-73d65
[debug] [2026-01-08T20:12:27.166Z] <<< [apiv2][status] GET https://serviceusage.googleapis.com/v1/projects/studio-4201110480-73d65/services/firebaseio.com 403
[debug] [2026-01-08T20:12:27.166Z] <<< [apiv2][body] GET https://serviceusage.googleapis.com/v1/projects/studio-4201110480-73d65/services/firebaseio.com [omitted]
[debug] [2026-01-08T20:12:27.167Z] <<< [apiv2][status] GET https://serviceusage.googleapis.com/v1/projects/studio-4201110480-73d65/services/firebasedataconnect.googleapis.com 200
[debug] [2026-01-08T20:12:27.167Z] <<< [apiv2][body] GET https://serviceusage.googleapis.com/v1/projects/studio-4201110480-73d65/services/firebasedataconnect.googleapis.com [omitted]
[debug] [2026-01-08T20:12:27.174Z] <<< [apiv2][status] GET https://serviceusage.googleapis.com/v1/projects/studio-4201110480-73d65/services/firebaseio.com 403
[debug] [2026-01-08T20:12:27.174Z] <<< [apiv2][body] GET https://serviceusage.googleapis.com/v1/projects/studio-4201110480-73d65/services/firebaseio.com [omitted]
[debug] [2026-01-08T20:12:27.188Z] <<< [apiv2][status] GET https://serviceusage.googleapis.com/v1/projects/studio-4201110480-73d65/services/firebasedataconnect.googleapis.com 200
[debug] [2026-01-08T20:12:27.188Z] <<< [apiv2][body] GET https://serviceusage.googleapis.com/v1/projects/studio-4201110480-73d65/services/firebasedataconnect.googleapis.com [omitted]
[debug] [2026-01-08T20:12:27.198Z] <<< [apiv2][status] GET https://serviceusage.googleapis.com/v1/projects/studio-4201110480-73d65/services/firebasecrashlytics.googleapis.com 200
[debug] [2026-01-08T20:12:27.198Z] <<< [apiv2][body] GET https://serviceusage.googleapis.com/v1/projects/studio-4201110480-73d65/services/firebasecrashlytics.googleapis.com [omitted]
[debug] [2026-01-08T20:12:27.240Z] <<< [apiv2][status] GET https://serviceusage.googleapis.com/v1/projects/studio-4201110480-73d65/services/firebasecrashlytics.googleapis.com 200
[debug] [2026-01-08T20:12:27.240Z] <<< [apiv2][body] GET https://serviceusage.googleapis.com/v1/projects/studio-4201110480-73d65/services/firebasecrashlytics.googleapis.com [omitted]
[debug] [2026-01-08T20:12:27.484Z] <<< [apiv2][status] GET https://serviceusage.googleapis.com/v1/projects/studio-4201110480-73d65/services/ 200
[debug] [2026-01-08T20:12:27.484Z] <<< [apiv2][body] GET https://serviceusage.googleapis.com/v1/projects/studio-4201110480-73d65/services/ [omitted]
[debug] [2026-01-08T20:12:27.527Z] <<< [apiv2][status] GET https://serviceusage.googleapis.com/v1/projects/studio-4201110480-73d65/services/ 200
[debug] [2026-01-08T20:12:27.527Z] <<< [apiv2][body] GET https://serviceusage.googleapis.com/v1/projects/studio-4201110480-73d65/services/ [omitted]
[debug] [2026-01-08T20:12:27.528Z] > command requires scopes: ["email","openid","https://www.googleapis.com/auth/cloudplatformprojects.readonly","https://www.googleapis.com/auth/firebase","https://www.googleapis.com/auth/cloud-platform"]
[debug] [2026-01-08T20:12:27.528Z] > authorizing via signed-in user (malcolmbastien@gmail.com)
[debug] [2026-01-13T02:32:09.756Z] Checked if tokens are valid: true, expires at: 1768275126287
[debug] [2026-01-13T02:32:09.757Z] Checked if tokens are valid: true, expires at: 1768275126287
[debug] [2026-01-13T02:32:09.757Z] Checked if tokens are valid: true, expires at: 1768275126287
[debug] [2026-01-13T02:32:09.757Z] Checked if tokens are valid: true, expires at: 1768275126287
[debug] [2026-01-13T02:32:09.758Z] Checked if tokens are valid: true, expires at: 1768275126287
[debug] [2026-01-13T02:32:09.758Z] Checked if tokens are valid: true, expires at: 1768275126287
[debug] [2026-01-13T02:32:09.758Z] Checked if tokens are valid: true, expires at: 1768275126287
[debug] [2026-01-13T02:32:09.758Z] Checked if tokens are valid: true, expires at: 1768275126287
[debug] [2026-01-13T02:32:09.758Z] >>> [apiv2][query] GET https://serviceusage.googleapis.com/v1/projects/studio-4201110480-73d65/services/ [none]
[debug] [2026-01-13T02:32:09.758Z] >>> [apiv2][(partial)header] GET https://serviceusage.googleapis.com/v1/projects/studio-4201110480-73d65/services/ x-goog-quota-user=projects/studio-4201110480-73d65
[debug] [2026-01-13T02:32:09.768Z] >>> [apiv2][query] GET https://serviceusage.googleapis.com/v1/projects/studio-4201110480-73d65/services/firebasedataconnect.googleapis.com [none]
[debug] [2026-01-13T02:32:09.768Z] >>> [apiv2][(partial)header] GET https://serviceusage.googleapis.com/v1/projects/studio-4201110480-73d65/services/firebasedataconnect.googleapis.com x-goog-quota-user=projects/studio-4201110480-73d65
[debug] [2026-01-13T02:32:09.769Z] >>> [apiv2][query] GET https://serviceusage.googleapis.com/v1/projects/studio-4201110480-73d65/services/firebasecrashlytics.googleapis.com [none]
[debug] [2026-01-13T02:32:09.769Z] >>> [apiv2][(partial)header] GET https://serviceusage.googleapis.com/v1/projects/studio-4201110480-73d65/services/firebasecrashlytics.googleapis.com x-goog-quota-user=projects/studio-4201110480-73d65
[debug] [2026-01-13T02:32:09.770Z] >>> [apiv2][query] GET https://serviceusage.googleapis.com/v1/projects/studio-4201110480-73d65/services/firebaseio.com [none]
[debug] [2026-01-13T02:32:09.771Z] >>> [apiv2][(partial)header] GET https://serviceusage.googleapis.com/v1/projects/studio-4201110480-73d65/services/firebaseio.com x-goog-quota-user=projects/studio-4201110480-73d65
[debug] [2026-01-13T02:32:09.784Z] Checked if tokens are valid: true, expires at: 1768275126287
[debug] [2026-01-13T02:32:09.784Z] Checked if tokens are valid: true, expires at: 1768275126287
[debug] [2026-01-13T02:32:09.784Z] Checked if tokens are valid: true, expires at: 1768275126287
[debug] [2026-01-13T02:32:09.784Z] Checked if tokens are valid: true, expires at: 1768275126287
[debug] [2026-01-13T02:32:09.784Z] Checked if tokens are valid: true, expires at: 1768275126287
[debug] [2026-01-13T02:32:09.785Z] Checked if tokens are valid: true, expires at: 1768275126287
[debug] [2026-01-13T02:32:09.785Z] Checked if tokens are valid: true, expires at: 1768275126287
[debug] [2026-01-13T02:32:09.785Z] Checked if tokens are valid: true, expires at: 1768275126287
[debug] [2026-01-13T02:32:09.785Z] >>> [apiv2][query] GET https://serviceusage.googleapis.com/v1/projects/studio-4201110480-73d65/services/ [none]
[debug] [2026-01-13T02:32:09.785Z] >>> [apiv2][(partial)header] GET https://serviceusage.googleapis.com/v1/projects/studio-4201110480-73d65/services/ x-goog-quota-user=projects/studio-4201110480-73d65
[debug] [2026-01-13T02:32:09.785Z] >>> [apiv2][query] GET https://serviceusage.googleapis.com/v1/projects/studio-4201110480-73d65/services/firebasedataconnect.googleapis.com [none]
[debug] [2026-01-13T02:32:09.785Z] >>> [apiv2][(partial)header] GET https://serviceusage.googleapis.com/v1/projects/studio-4201110480-73d65/services/firebasedataconnect.googleapis.com x-goog-quota-user=projects/studio-4201110480-73d65
[debug] [2026-01-13T02:32:09.786Z] >>> [apiv2][query] GET https://serviceusage.googleapis.com/v1/projects/studio-4201110480-73d65/services/firebasecrashlytics.googleapis.com [none]
[debug] [2026-01-13T02:32:09.786Z] >>> [apiv2][(partial)header] GET https://serviceusage.googleapis.com/v1/projects/studio-4201110480-73d65/services/firebasecrashlytics.googleapis.com x-goog-quota-user=projects/studio-4201110480-73d65
[debug] [2026-01-13T02:32:09.787Z] >>> [apiv2][query] GET https://serviceusage.googleapis.com/v1/projects/studio-4201110480-73d65/services/firebaseio.com [none]
[debug] [2026-01-13T02:32:09.787Z] >>> [apiv2][(partial)header] GET https://serviceusage.googleapis.com/v1/projects/studio-4201110480-73d65/services/firebaseio.com x-goog-quota-user=projects/studio-4201110480-73d65
[debug] [2026-01-13T02:32:10.080Z] <<< [apiv2][status] GET https://serviceusage.googleapis.com/v1/projects/studio-4201110480-73d65/services/firebasecrashlytics.googleapis.com 200
[debug] [2026-01-13T02:32:10.080Z] <<< [apiv2][body] GET https://serviceusage.googleapis.com/v1/projects/studio-4201110480-73d65/services/firebasecrashlytics.googleapis.com [omitted]
[debug] [2026-01-13T02:32:10.080Z] <<< [apiv2][status] GET https://serviceusage.googleapis.com/v1/projects/studio-4201110480-73d65/services/firebasecrashlytics.googleapis.com 200
[debug] [2026-01-13T02:32:10.080Z] <<< [apiv2][body] GET https://serviceusage.googleapis.com/v1/projects/studio-4201110480-73d65/services/firebasecrashlytics.googleapis.com [omitted]
[debug] [2026-01-13T02:32:10.080Z] <<< [apiv2][status] GET https://serviceusage.googleapis.com/v1/projects/studio-4201110480-73d65/services/firebasedataconnect.googleapis.com 200
[debug] [2026-01-13T02:32:10.080Z] <<< [apiv2][body] GET https://serviceusage.googleapis.com/v1/projects/studio-4201110480-73d65/services/firebasedataconnect.googleapis.com [omitted]
[debug] [2026-01-13T02:32:10.080Z] <<< [apiv2][status] GET https://serviceusage.googleapis.com/v1/projects/studio-4201110480-73d65/services/firebaseio.com 403
[debug] [2026-01-13T02:32:10.080Z] <<< [apiv2][body] GET https://serviceusage.googleapis.com/v1/projects/studio-4201110480-73d65/services/firebaseio.com [omitted]
[debug] [2026-01-13T02:32:10.081Z] <<< [apiv2][status] GET https://serviceusage.googleapis.com/v1/projects/studio-4201110480-73d65/services/firebasedataconnect.googleapis.com 200
[debug] [2026-01-13T02:32:10.081Z] <<< [apiv2][body] GET https://serviceusage.googleapis.com/v1/projects/studio-4201110480-73d65/services/firebasedataconnect.googleapis.com [omitted]
[debug] [2026-01-13T02:32:10.081Z] <<< [apiv2][status] GET https://serviceusage.googleapis.com/v1/projects/studio-4201110480-73d65/services/firebaseio.com 403
[debug] [2026-01-13T02:32:10.081Z] <<< [apiv2][body] GET https://serviceusage.googleapis.com/v1/projects/studio-4201110480-73d65/services/firebaseio.com [omitted]
[debug] [2026-01-13T02:32:10.373Z] <<< [apiv2][status] GET https://serviceusage.googleapis.com/v1/projects/studio-4201110480-73d65/services/ 200
[debug] [2026-01-13T02:32:10.373Z] <<< [apiv2][body] GET https://serviceusage.googleapis.com/v1/projects/studio-4201110480-73d65/services/ [omitted]
[debug] [2026-01-13T02:32:10.407Z] <<< [apiv2][status] GET https://serviceusage.googleapis.com/v1/projects/studio-4201110480-73d65/services/ 200
[debug] [2026-01-13T02:32:10.408Z] <<< [apiv2][body] GET https://serviceusage.googleapis.com/v1/projects/studio-4201110480-73d65/services/ [omitted]
[debug] [2026-01-13T02:32:10.409Z] > command requires scopes: ["email","openid","https://www.googleapis.com/auth/cloudplatformprojects.readonly","https://www.googleapis.com/auth/firebase","https://www.googleapis.com/auth/cloud-platform"]
[debug] [2026-01-13T02:32:10.409Z] > authorizing via signed-in user (malcolmbastien@gmail.com)
[debug] [2026-01-14T21:29:49.997Z] Checked if tokens are valid: true, expires at: 1768429786314
[debug] [2026-01-14T21:29:49.998Z] Checked if tokens are valid: true, expires at: 1768429786314
[debug] [2026-01-14T21:29:49.999Z] Checked if tokens are valid: true, expires at: 1768429786314
[debug] [2026-01-14T21:29:49.999Z] Checked if tokens are valid: true, expires at: 1768429786314
[debug] [2026-01-14T21:29:49.999Z] Checked if tokens are valid: true, expires at: 1768429786314
[debug] [2026-01-14T21:29:49.999Z] Checked if tokens are valid: true, expires at: 1768429786314
[debug] [2026-01-14T21:29:50.000Z] Checked if tokens are valid: true, expires at: 1768429786314
[debug] [2026-01-14T21:29:50.000Z] Checked if tokens are valid: true, expires at: 1768429786314
[debug] [2026-01-14T21:29:50.000Z] >>> [apiv2][query] GET https://serviceusage.googleapis.com/v1/projects/studio-4201110480-73d65/services/ [none]
[debug] [2026-01-14T21:29:50.000Z] >>> [apiv2][(partial)header] GET https://serviceusage.googleapis.com/v1/projects/studio-4201110480-73d65/services/ x-goog-quota-user=projects/studio-4201110480-73d65
[debug] [2026-01-14T21:29:50.011Z] >>> [apiv2][query] GET https://serviceusage.googleapis.com/v1/projects/studio-4201110480-73d65/services/firebasedataconnect.googleapis.com [none]
[debug] [2026-01-14T21:29:50.011Z] >>> [apiv2][(partial)header] GET https://serviceusage.googleapis.com/v1/projects/studio-4201110480-73d65/services/firebasedataconnect.googleapis.com x-goog-quota-user=projects/studio-4201110480-73d65
[debug] [2026-01-14T21:29:50.012Z] >>> [apiv2][query] GET https://serviceusage.googleapis.com/v1/projects/studio-4201110480-73d65/services/firebasecrashlytics.googleapis.com [none]
[debug] [2026-01-14T21:29:50.012Z] >>> [apiv2][(partial)header] GET https://serviceusage.googleapis.com/v1/projects/studio-4201110480-73d65/services/firebasecrashlytics.googleapis.com x-goog-quota-user=projects/studio-4201110480-73d65
[debug] [2026-01-14T21:29:50.012Z] >>> [apiv2][query] GET https://serviceusage.googleapis.com/v1/projects/studio-4201110480-73d65/services/firebaseio.com [none]
[debug] [2026-01-14T21:29:50.012Z] >>> [apiv2][(partial)header] GET https://serviceusage.googleapis.com/v1/projects/studio-4201110480-73d65/services/firebaseio.com x-goog-quota-user=projects/studio-4201110480-73d65
[debug] [2026-01-14T21:29:50.027Z] Checked if tokens are valid: true, expires at: 1768429786314
[debug] [2026-01-14T21:29:50.027Z] Checked if tokens are valid: true, expires at: 1768429786314
[debug] [2026-01-14T21:29:50.027Z] Checked if tokens are valid: true, expires at: 1768429786314
[debug] [2026-01-14T21:29:50.027Z] Checked if tokens are valid: true, expires at: 1768429786314
[debug] [2026-01-14T21:29:50.027Z] Checked if tokens are valid: true, expires at: 1768429786314
[debug] [2026-01-14T21:29:50.027Z] Checked if tokens are valid: true, expires at: 1768429786314
[debug] [2026-01-14T21:29:50.027Z] Checked if tokens are valid: true, expires at: 1768429786314
[debug] [2026-01-14T21:29:50.027Z] Checked if tokens are valid: true, expires at: 1768429786314
[debug] [2026-01-14T21:29:50.027Z] >>> [apiv2][query] GET https://serviceusage.googleapis.com/v1/projects/studio-4201110480-73d65/services/ [none]
[debug] [2026-01-14T21:29:50.027Z] >>> [apiv2][(partial)header] GET https://serviceusage.googleapis.com/v1/projects/studio-4201110480-73d65/services/ x-goog-quota-user=projects/studio-4201110480-73d65
[debug] [2026-01-14T21:29:50.028Z] >>> [apiv2][query] GET https://serviceusage.googleapis.com/v1/projects/studio-4201110480-73d65/services/firebasedataconnect.googleapis.com [none]
[debug] [2026-01-14T21:29:50.028Z] >>> [apiv2][(partial)header] GET https://serviceusage.googleapis.com/v1/projects/studio-4201110480-73d65/services/firebasedataconnect.googleapis.com x-goog-quota-user=projects/studio-4201110480-73d65
[debug] [2026-01-14T21:29:50.031Z] >>> [apiv2][query] GET https://serviceusage.googleapis.com/v1/projects/studio-4201110480-73d65/services/firebasecrashlytics.googleapis.com [none]
[debug] [2026-01-14T21:29:50.031Z] >>> [apiv2][(partial)header] GET https://serviceusage.googleapis.com/v1/projects/studio-4201110480-73d65/services/firebasecrashlytics.googleapis.com x-goog-quota-user=projects/studio-4201110480-73d65
[debug] [2026-01-14T21:29:50.032Z] >>> [apiv2][query] GET https://serviceusage.googleapis.com/v1/projects/studio-4201110480-73d65/services/firebaseio.com [none]
[debug] [2026-01-14T21:29:50.032Z] >>> [apiv2][(partial)header] GET https://serviceusage.googleapis.com/v1/projects/studio-4201110480-73d65/services/firebaseio.com x-goog-quota-user=projects/studio-4201110480-73d65
[debug] [2026-01-14T21:29:50.273Z] <<< [apiv2][status] GET https://serviceusage.googleapis.com/v1/projects/studio-4201110480-73d65/services/firebaseio.com 403
[debug] [2026-01-14T21:29:50.273Z] <<< [apiv2][body] GET https://serviceusage.googleapis.com/v1/projects/studio-4201110480-73d65/services/firebaseio.com [omitted]
[debug] [2026-01-14T21:29:50.274Z] <<< [apiv2][status] GET https://serviceusage.googleapis.com/v1/projects/studio-4201110480-73d65/services/firebasedataconnect.googleapis.com 200
[debug] [2026-01-14T21:29:50.274Z] <<< [apiv2][body] GET https://serviceusage.googleapis.com/v1/projects/studio-4201110480-73d65/services/firebasedataconnect.googleapis.com [omitted]
[debug] [2026-01-14T21:29:50.275Z] <<< [apiv2][status] GET https://serviceusage.googleapis.com/v1/projects/studio-4201110480-73d65/services/firebasecrashlytics.googleapis.com 200
[debug] [2026-01-14T21:29:50.275Z] <<< [apiv2][body] GET https://serviceusage.googleapis.com/v1/projects/studio-4201110480-73d65/services/firebasecrashlytics.googleapis.com [omitted]
[debug] [2026-01-14T21:29:50.287Z] <<< [apiv2][status] GET https://serviceusage.googleapis.com/v1/projects/studio-4201110480-73d65/services/firebasecrashlytics.googleapis.com 200
[debug] [2026-01-14T21:29:50.287Z] <<< [apiv2][body] GET https://serviceusage.googleapis.com/v1/projects/studio-4201110480-73d65/services/firebasecrashlytics.googleapis.com [omitted]
[debug] [2026-01-14T21:29:50.288Z] <<< [apiv2][status] GET https://serviceusage.googleapis.com/v1/projects/studio-4201110480-73d65/services/firebasedataconnect.googleapis.com 200
[debug] [2026-01-14T21:29:50.288Z] <<< [apiv2][body] GET https://serviceusage.googleapis.com/v1/projects/studio-4201110480-73d65/services/firebasedataconnect.googleapis.com [omitted]
[debug] [2026-01-14T21:29:50.326Z] <<< [apiv2][status] GET https://serviceusage.googleapis.com/v1/projects/studio-4201110480-73d65/services/firebaseio.com 403
[debug] [2026-01-14T21:29:50.326Z] <<< [apiv2][body] GET https://serviceusage.googleapis.com/v1/projects/studio-4201110480-73d65/services/firebaseio.com [omitted]
[debug] [2026-01-14T21:29:50.588Z] <<< [apiv2][status] GET https://serviceusage.googleapis.com/v1/projects/studio-4201110480-73d65/services/ 200
[debug] [2026-01-14T21:29:50.588Z] <<< [apiv2][body] GET https://serviceusage.googleapis.com/v1/projects/studio-4201110480-73d65/services/ [omitted]
[debug] [2026-01-14T21:29:50.590Z] > command requires scopes: ["email","openid","https://www.googleapis.com/auth/cloudplatformprojects.readonly","https://www.googleapis.com/auth/firebase","https://www.googleapis.com/auth/cloud-platform"]
[debug] [2026-01-14T21:29:50.590Z] > authorizing via signed-in user (malcolmbastien@gmail.com)
[debug] [2026-01-14T21:29:50.599Z] <<< [apiv2][status] GET https://serviceusage.googleapis.com/v1/projects/studio-4201110480-73d65/services/ 200
[debug] [2026-01-14T21:29:50.599Z] <<< [apiv2][body] GET https://serviceusage.googleapis.com/v1/projects/studio-4201110480-73d65/services/ [omitted]
